Drill Listing
=============
Drill: .008  Tool: 1  Feed: 0  Speed: 0
X 169625  Y 180125
X 169625  Y 177125
X 172625  Y 175250
X 173750  Y 183125
X 173875  Y 179500
X 176375  Y 188875
X 176500  Y 175375
X 177875  Y 183875
X 178625  Y 181000
X 180000  Y 188875
X 183250  Y 175500
X 183375  Y 178500
X 183500  Y 182000
X 186375  Y 167375
X 191500  Y 174750
X 191500  Y 171625
X 191625  Y 177625
X 191750  Y 181000
X 198500  Y 250000
X 137750  Y 272000
X 136375  Y 274000
X 136250  Y 270125
X 135875  Y 279750
X 135875  Y 282125
X 135875  Y 286125
X 135875  Y 288625
X 117750  Y 292000
X 116875  Y 288000
X 112875  Y 290875
X 105375  Y 294000
X 96500  Y 294750
X 93375  Y 287750
X 90304  Y 295771
X 89625  Y 293000
X 87500  Y 294750
X 82750  Y 287500
X 79000  Y 289250
X 76625  Y 291000
X 74500  Y 287875
X 80750  Y 309125
X 85750  Y 313750
X 89051  Y 304200
X 89051  Y 307350
X 89051  Y 316799
X 92200  Y 307350
X 92200  Y 304200
X 92200  Y 316799
X 94218  Y 296835
X 95350  Y 313649
X 95350  Y 307350
X 95350  Y 304200
X 95350  Y 316799
X 96875  Y 297875
X 101649  Y 313649
X 101649  Y 304200
X 101649  Y 307350
X 101649  Y 316799
X 103500  Y 297750
X 104799  Y 313649
X 104799  Y 307350
X 104799  Y 304200
X 104799  Y 316799
X 107948  Y 304200
X 107948  Y 307350
X 108875  Y 298125
X 111098  Y 301051
X 111098  Y 313649
X 111098  Y 319948
X 112318  Y 305903
X 112750  Y 308500
X 114625  Y 316250
X 122375  Y 313125
X 124500  Y 315625
X 135875  Y 320125
X 136000  Y 313750
X 136125  Y 303500
X 136250  Y 301125
X 136250  Y 298500
X 136250  Y 317625
X 136650  Y 311400
X 139500  Y 308000
X 140875  Y 296375
X 143875  Y 297500
X 144750  Y 303125
X 144750  Y 312125
X 144750  Y 305500
X 144750  Y 319500
X 144750  Y 317000
X 144750  Y 314625
X 177125  Y 367750
X 176000  Y 364625
X 172250  Y 365125
X 167250  Y 369500
X 165750  Y 365250
X 163625  Y 364000
X 161500  Y 365250
X 159500  Y 364000
X 156500  Y 365250
X 154500  Y 364000
X 152500  Y 365250
X 150500  Y 364000
X 144750  Y 326125
X 144750  Y 331125
X 144750  Y 328625
X 144750  Y 323500
X 138875  Y 321625
X 136050  Y 329775
X 136000  Y 327350
X 135875  Y 324975
X 122000  Y 325625
X 121875  Y 333875
X 108125  Y 321625
X 106625  Y 323375
X 100125  Y 324500
X 97042  Y 324643
X 93486  Y 324523
X 90500  Y 324500
X 87375  Y 324500

Drill: .012  Tool: 2  Feed: 95  Speed: 300
X 59625  Y 12875
X 61500  Y 2000
X 61625  Y -4375
X 61625  Y 7750
X 71000  Y 12875
X 74375  Y 1500
X 77000  Y 8000
X 77000  Y -4875
X 89875  Y -5000
X 89875  Y 8000
X 239750  Y 6000
X 270000  Y 6125
X 280000  Y 6250
X 296000  Y 6000
X 300000  Y 6000
X 306000  Y 6000
X 310000  Y 6000
X 320000  Y 6000
X 324000  Y 6000
X 330000  Y 6000
X 333500  Y 6000
X 357000  Y 18000
X 424000  Y 19000
X 427750  Y 19000
X 431500  Y 19000
X 435500  Y 19000
X 435500  Y 23000
X 435500  Y 27000
X 431500  Y 23000
X 431500  Y 27000
X 427750  Y 27000
X 427750  Y 23000
X 424000  Y 23000
X 424000  Y 27000
X 411000  Y 36500
X 407000  Y 36500
X 388250  Y 44500
X 365000  Y 30000
X 361000  Y 30000
X 357000  Y 30000
X 357000  Y 26000
X 357000  Y 22000
X 352000  Y 30000
X 337500  Y 30000
X 330000  Y 30000
X 320000  Y 30000
X 310000  Y 30000
X 300000  Y 30000
X 290000  Y 31500
X 285250  Y 28875
X 280000  Y 32000
X 270125  Y 32125
X 250000  Y 28000
X 230000  Y 27875
X 225125  Y 28125
X 218375  Y 31875
X 213750  Y 27750
X 209000  Y 32500
X 205000  Y 29875
X 200125  Y 32250
X 173625  Y 32375
X 171375  Y 27875
X 160000  Y 32000
X 26000  Y 43250
X 26000  Y 53625
X 74500  Y 70500
X 84125  Y 67125
X 87875  Y 57000
X 87875  Y 63250
X 107125  Y 63500
X 121750  Y 61000
X 150000  Y 53875
X 170000  Y 53750
X 181000  Y 56625
X 195500  Y 67000
X 200000  Y 67000
X 200000  Y 62000
X 204000  Y 67000
X 204000  Y 62000
X 208000  Y 62000
X 208000  Y 67000
X 210000  Y 54375
X 212000  Y 62000
X 212000  Y 67000
X 217000  Y 67000
X 217000  Y 62000
X 219375  Y 55000
X 222500  Y 62000
X 222500  Y 67000
X 227500  Y 62000
X 227500  Y 67000
X 231500  Y 62000
X 231500  Y 67000
X 236000  Y 67000
X 236000  Y 62000
X 240125  Y 53625
X 249875  Y 53500
X 300000  Y 54500
X 310000  Y 54500
X 320000  Y 54500
X 330000  Y 54500
X 337500  Y 67000
X 340000  Y 54500
X 343000  Y 67000
X 348000  Y 67000
X 350000  Y 54500
X 354000  Y 67000
X 359500  Y 67500
X 364500  Y 67500
X 371500  Y 67500
X 375500  Y 67500
X 382500  Y 63000
X 388250  Y 69750
X 388250  Y 60250
X 388250  Y 65250
X 388250  Y 48750
X 388250  Y 54750
X 425000  Y 53000
X 425000  Y 57000
X 425000  Y 61000
X 425000  Y 65500
X 425000  Y 71000
X 425000  Y 76000
X 425000  Y 81000
X 388250  Y 74500
X 353000  Y 89500
X 347250  Y 89250
X 236000  Y 74401
X 231500  Y 74500
X 227500  Y 74500
X 212000  Y 74500
X 208000  Y 74500
X 204000  Y 74500
X 200000  Y 74500
X 195500  Y 74500
X 127375  Y 95625
X 116500  Y 72000
X 113250  Y 78000
X 110625  Y 72000
X 110500  Y 89000
X 106875  Y 86625
X 99000  Y 95750
X 90000  Y 87875
X 81250  Y 83000
X 69000  Y 83500
X 67875  Y 91500
X 58500  Y 87875
X 58500  Y 95625
X 26000  Y 114500
X 47000  Y 104500
X 58500  Y 113625
X 58500  Y 104000
X 64250  Y 113750
X 67875  Y 100000
X 122125  Y 99625
X 180500  Y 109750
X 183250  Y 103500
X 183500  Y 98750
X 326000  Y 101000
X 326000  Y 104500
X 326000  Y 97500
X 330000  Y 104500
X 330000  Y 101000
X 330000  Y 97500
X 334000  Y 101000
X 334000  Y 97500
X 334000  Y 104500
X 346250  Y 109250
X 347000  Y 105500
X 363000  Y 106000
X 367000  Y 106000
X 419250  Y 111500
X 305000  Y 144500
X 305000  Y 138750
X 300875  Y 144375
X 300875  Y 138750
X 295375  Y 144625
X 292000  Y 144625
X 288500  Y 144625
X 285250  Y 144625
X 273250  Y 138625
X 273250  Y 135000
X 269250  Y 135000
X 269250  Y 138500
X 265625  Y 138375
X 265500  Y 130500
X 265500  Y 135000
X 262500  Y 137000
X 260625  Y 143875
X 260625  Y 140250
X 256875  Y 127000
X 233000  Y 136875
X 228500  Y 132375
X 225000  Y 139750
X 220500  Y 124500
X 220500  Y 128500
X 220500  Y 144000
X 220500  Y 132500
X 216500  Y 124500
X 216500  Y 128500
X 216500  Y 132500
X 212500  Y 124500
X 212500  Y 128500
X 212500  Y 132500
X 208500  Y 128500
X 208500  Y 124500
X 208500  Y 132500
X 204000  Y 124500
X 204000  Y 128500
X 204000  Y 132500
X 200000  Y 128500
X 200000  Y 132500
X 200000  Y 124500
X 188875  Y 121625
X 173125  Y 144500
X 173000  Y 130875
X 140875  Y 129000
X 140500  Y 142500
X 135625  Y 141250
X 135625  Y 127875
X 125500  Y 144500
X 121750  Y 142250
X 110500  Y 129250
X 101625  Y 142875
X 95250  Y 140250
X 89000  Y 137875
X 81125  Y 137875
X 26000  Y 124625
X 10000  Y 150500
X 10000  Y 168000
X 14000  Y 150500
X 14500  Y 168000
X 19000  Y 150500
X 19000  Y 168000
X 23500  Y 150500
X 23500  Y 168000
X 27500  Y 150500
X 27500  Y 168000
X 58875  Y 153625
X 62000  Y 170375
X 71875  Y 165500
X 80375  Y 153125
X 94000  Y 153000
X 94250  Y 167500
X 99250  Y 160875
X 100625  Y 164750
X 100625  Y 157625
X 104750  Y 168125
X 108000  Y 168250
X 109000  Y 154500
X 109000  Y 159000
X 109000  Y 150500
X 113500  Y 154500
X 113500  Y 150500
X 113500  Y 159000
X 116375  Y 169375
X 118000  Y 154500
X 118000  Y 150500
X 118000  Y 159000
X 120250  Y 169375
X 126125  Y 150500
X 126250  Y 163625
X 126500  Y 155000
X 126500  Y 159250
X 139000  Y 150500
X 139000  Y 165250
X 140000  Y 161750
X 161000  Y 162500
X 165250  Y 155125
X 166000  Y 162375
X 171000  Y 162250
X 176625  Y 162250
X 182000  Y 162250
X 200000  Y 168500
X 208000  Y 165250
X 213250  Y 161875
X 213250  Y 165125
X 217875  Y 165125
X 217875  Y 161875
X 222375  Y 161750
X 222500  Y 165000
X 222500  Y 169900
X 229000  Y 155000
X 233000  Y 155000
X 240500  Y 157500
X 242375  Y 154625
X 287625  Y 155750
X 287750  Y 164875
X 287750  Y 160375
X 293000  Y 164875
X 293125  Y 160375
X 293125  Y 155750
X 319000  Y 169500
X 323000  Y 150000
X 323000  Y 154500
X 323000  Y 159500
X 392250  Y 152500
X 392250  Y 157500
X 404500  Y 153750
X 404500  Y 157000
X 409500  Y 153750
X 409500  Y 157000
X 414500  Y 157000
X 414500  Y 153750
X 419500  Y 153625
X 419500  Y 157125
X 442500  Y 150250
X 445625  Y 148125
X 447875  Y 164250
X 450125  Y 166375
X 429125  Y 191250
X 426750  Y 193500
X 391750  Y 183000
X 390250  Y 192000
X 389250  Y 185250
X 380250  Y 189250
X 378000  Y 187000
X 319000  Y 178500
X 319000  Y 174000
X 286000  Y 194500
X 273625  Y 194250
X 260625  Y 184250
X 260625  Y 180125
X 257250  Y 194250
X 257250  Y 184250
X 257250  Y 180125
X 253750  Y 180250
X 253750  Y 184125
X 249000  Y 181000
X 239500  Y 193000
X 236125  Y 193000
X 227250  Y 194000
X 223625  Y 194000
X 222500  Y 181625
X 222500  Y 176100
X 217875  Y 181625
X 216125  Y 195375
X 214125  Y 181625
X 213625  Y 189250
X 210625  Y 192625
X 207375  Y 195125
X 200000  Y 183875
X 196125  Y 184250
X 192750  Y 189375
X 157000  Y 191500
X 156375  Y 186500
X 156375  Y 180500
X 154000  Y 190250
X 148625  Y 182375
X 147875  Y 177000
X 144375  Y 195500
X 123750  Y 194500
X 123625  Y 189500
X 122125  Y 172625
X 122125  Y 176250
X 90125  Y 177875
X 90125  Y 174375
X 90125  Y 181375
X 74500  Y 181250
X 74375  Y 171000
X 5000  Y 179375
X 5000  Y 189500
X 1250  Y 195500
X 32625  Y 197000
X 42000  Y 213625
X 42125  Y 209750
X 43125  Y 206500
X 45125  Y 203375
X 47500  Y 200250
X 49750  Y 197125
X 62000  Y 216250
X 62250  Y 206000
X 62250  Y 201000
X 62375  Y 211000
X 76875  Y 211875
X 78125  Y 215125
X 81750  Y 215375
X 95625  Y 201625
X 101875  Y 212250
X 102750  Y 199500
X 113625  Y 209500
X 113750  Y 199500
X 123375  Y 220000
X 123500  Y 209375
X 125000  Y 217000
X 128125  Y 215500
X 136875  Y 210250
X 139500  Y 199875
X 151000  Y 200500
X 155625  Y 200500
X 165125  Y 202250
X 172500  Y 197250
X 180000  Y 201750
X 180500  Y 214500
X 181000  Y 218375
X 185000  Y 215500
X 197125  Y 202625
X 203875  Y 198750
X 206250  Y 208875
X 208500  Y 212000
X 210500  Y 205125
X 210875  Y 200000
X 214125  Y 204000
X 218250  Y 198250
X 223625  Y 198125
X 224375  Y 209000
X 224375  Y 213625
X 227125  Y 198125
X 229625  Y 213625
X 229750  Y 218375
X 236125  Y 196250
X 236125  Y 199500
X 238625  Y 217000
X 239500  Y 196250
X 239500  Y 199500
X 257250  Y 199250
X 257250  Y 204625
X 259375  Y 196750
X 259375  Y 202125
X 271125  Y 196750
X 271125  Y 202250
X 273625  Y 199500
X 273625  Y 204625
X 286000  Y 205000
X 286000  Y 199500
X 292000  Y 212000
X 292000  Y 216000
X 309250  Y 213875
X 330750  Y 213875
X 358125  Y 213875
X 369125  Y 196250
X 371375  Y 199125
X 380625  Y 213875
X 408125  Y 213875
X 427875  Y 210125
X 430125  Y 213875
X 430125  Y 207875
X 428375  Y 242875
X 428250  Y 230125
X 422375  Y 230125
X 421375  Y 242875
X 416625  Y 242875
X 415500  Y 230125
X 410500  Y 242875
X 410125  Y 230125
X 378875  Y 230125
X 378750  Y 242875
X 372875  Y 230250
X 371875  Y 242875
X 367125  Y 242875
X 366125  Y 230250
X 361000  Y 242875
X 360250  Y 230125
X 329375  Y 242875
X 329125  Y 230125
X 323375  Y 230125
X 322375  Y 242875
X 317625  Y 242875
X 316625  Y 230125
X 311750  Y 242875
X 310750  Y 230125
X 292000  Y 221000
X 279625  Y 243000
X 255000  Y 235750
X 220250  Y 243500
X 206500  Y 245375
X 205750  Y 222750
X 193875  Y 236750
X 189750  Y 236750
X 185250  Y 236750
X 181125  Y 226000
X 181000  Y 235625
X 181000  Y 222250
X 181000  Y 232375
X 180500  Y 245375
X 179500  Y 242250
X 174875  Y 239000
X 170875  Y 239000
X 166750  Y 238000
X 162375  Y 238000
X 162375  Y 230125
X 159500  Y 232625
X 119000  Y 241000
X 115750  Y 245500
X 115250  Y 241000
X 111750  Y 240750
X 109750  Y 222625
X 108500  Y 240750
X 105375  Y 240750
X 104875  Y 222625
X 102250  Y 240750
X 99125  Y 241000
X 95875  Y 241000
X 94875  Y 245000
X 92750  Y 241000
X 89625  Y 240875
X 86500  Y 240750
X 84250  Y 222625
X 83250  Y 241000
X 81250  Y 222625
X 80250  Y 242625
X 78125  Y 222625
X 77000  Y 240750
X 75500  Y 245625
X 72000  Y 231500
X 67500  Y 230750
X 64125  Y 230875
X 61251  Y 240750
X 58000  Y 242125
X 54875  Y 241375
X 53000  Y 228625
X 51750  Y 241250
X 48625  Y 241125
X 46375  Y 231375
X 45625  Y 241250
X 43250  Y 231375
X 42375  Y 240875
X 40750  Y 227875
X 35000  Y 241250
X 20250  Y 244750
X 13625  Y 239125
X 1500  Y 262000
X 1500  Y 267000
X 1500  Y 256500
X 4000  Y 259500
X 4000  Y 264500
X 16000  Y 264500
X 16000  Y 259500
X 18500  Y 267000
X 18500  Y 257000
X 18500  Y 262000
X 28125  Y 269000
X 36000  Y 261250
X 39204  Y 251704
X 42354  Y 253854
X 44750  Y 258250
X 46500  Y 250250
X 48625  Y 256000
X 51125  Y 264000
X 51125  Y 260750
X 55625  Y 264375
X 63375  Y 250000
X 69500  Y 267500
X 74250  Y 269750
X 75500  Y 261000
X 78875  Y 248000
X 87500  Y 255625
X 89250  Y 266750
X 89500  Y 252125
X 92250  Y 254500
X 97000  Y 249875
X 98375  Y 247000
X 102125  Y 247250
X 107250  Y 266500
X 108500  Y 250250
X 113375  Y 248000
X 122375  Y 266875
X 136375  Y 266750
X 136750  Y 252125
X 140125  Y 252250
X 149000  Y 263875
X 150750  Y 252250
X 154500  Y 263875
X 157500  Y 269875
X 161125  Y 264000
X 165375  Y 250000
X 166500  Y 264375
X 173025  Y 263975
X 176500  Y 264125
X 179875  Y 264750
X 184625  Y 248125
X 184875  Y 264500
X 189000  Y 264375
X 195750  Y 263875
X 198750  Y 263875
X 206750  Y 263750
X 212500  Y 264000
X 215750  Y 264000
X 219475  Y 263875
X 220125  Y 251500
X 220125  Y 247875
X 224675  Y 263800
X 225000  Y 268500
X 232000  Y 263000
X 237500  Y 255000
X 246250  Y 264000
X 246250  Y 268000
X 247500  Y 257625
X 251875  Y 257625
X 259250  Y 269750
X 261875  Y 257937
X 262000  Y 263125
X 266250  Y 258500
X 272000  Y 269750
X 275500  Y 262625
X 278500  Y 255125
X 279625  Y 250625
X 310750  Y 249250
X 328750  Y 250250
X 339000  Y 266125
X 353500  Y 263875
X 355500  Y 261500
X 360125  Y 250125
X 361750  Y 269000
X 364750  Y 269000
X 378125  Y 250125
X 409750  Y 249375
X 428125  Y 250375
X 465500  Y 280500
X 391500  Y 276500
X 370500  Y 279000
X 362500  Y 280000
X 362500  Y 276500
X 360875  Y 295000
X 359000  Y 283500
X 359000  Y 280000
X 359000  Y 276500
X 355000  Y 280000
X 355000  Y 283500
X 355000  Y 276500
X 351500  Y 283500
X 351500  Y 280000
X 351500  Y 276500
X 346625  Y 271625
X 345000  Y 291000
X 344000  Y 280000
X 343625  Y 271625
X 331500  Y 274000
X 325000  Y 276000
X 270500  Y 290500
X 259250  Y 290250
X 246750  Y 293875
X 246500  Y 277150
X 246250  Y 283850
X 241750  Y 288125
X 238750  Y 272750
X 237500  Y 275750
X 225500  Y 283000
X 225500  Y 289750
X 225500  Y 286000
X 225425  Y 279475
X 225250  Y 272000
X 225125  Y 293000
X 224750  Y 276250
X 216925  Y 280725
X 212750  Y 291500
X 210500  Y 277000
X 208500  Y 285000
X 205375  Y 276500
X 199750  Y 280625
X 199500  Y 276375
X 197000  Y 293000
X 194500  Y 276500
X 193500  Y 279750
X 192875  Y 284000
X 187975  Y 281625
X 173000  Y 276250
X 162000  Y 278500
X 158250  Y 282875
X 158125  Y 287500
X 158125  Y 293000
X 158000  Y 276500
X 154500  Y 276250
X 149000  Y 276250
X 141875  Y 286875
X 141625  Y 293000
X 141625  Y 280250
X 141000  Y 274375
X 124750  Y 277000
X 124000  Y 282375
X 121625  Y 284750
X 121250  Y 276625
X 118000  Y 276000
X 114250  Y 271375
X 111625  Y 275875
X 102250  Y 276000
X 98500  Y 273500
X 98250  Y 291125
X 98125  Y 285875
X 92750  Y 276000
X 89250  Y 271500
X 83250  Y 276000
X 81000  Y 271250
X 77000  Y 276000
X 72125  Y 276375
X 69250  Y 291625
X 68875  Y 276250
X 66375  Y 286500
X 65625  Y 276250
X 62875  Y 273750
X 59125  Y 276250
X 55875  Y 274250
X 54875  Y 288875
X 51125  Y 285500
X 47500  Y 276250
X 44750  Y 274125
X 42375  Y 294250
X 40125  Y 275375
X 38875  Y 285625
X 36875  Y 289500
X 36000  Y 275500
X 18125  Y 279250
X 18000  Y 273875
X 14750  Y 292250
X 13625  Y 278250
X 5750  Y 275250
X 4000  Y 293875
X 1750  Y 272125
X 1625  Y 284250
X -14000  Y 299750
X 1500  Y 312000
X 1500  Y 317000
X 1625  Y 304125
X 3500  Y 314500
X 14937  Y 301644
X 15875  Y 309375
X 15927  Y 305185
X 28250  Y 311000
X 29000  Y 320625
X 30375  Y 317750
X 31375  Y 307750
X 33473  Y 296923
X 34125  Y 310500
X 36625  Y 306250
X 36713  Y 299334
X 44875  Y 305875
X 45500  Y 297125
X 46625  Y 318250
X 48750  Y 305750
X 62250  Y 301750
X 72375  Y 299750
X 74500  Y 318500
X 113750  Y 312500
X 118500  Y 320000
X 120250  Y 308000
X 121875  Y 318250
X 124250  Y 298125
X 124500  Y 301875
X 124875  Y 309375
X 124875  Y 305875
X 136500  Y 307750
X 148125  Y 305125
X 148250  Y 315625
X 148375  Y 309000
X 161500  Y 309125
X 161500  Y 315500
X 162250  Y 300375
X 174000  Y 312000
X 174000  Y 301500
X 174000  Y 305000
X 174000  Y 308500
X 174000  Y 315500
X 177500  Y 312000
X 177500  Y 305000
X 177500  Y 301500
X 177500  Y 308500
X 177500  Y 315500
X 181000  Y 305000
X 181000  Y 301500
X 181000  Y 312000
X 181000  Y 308500
X 181000  Y 315500
X 184500  Y 305000
X 184500  Y 301500
X 184500  Y 312000
X 184500  Y 308500
X 184500  Y 315500
X 188000  Y 312000
X 188000  Y 301500
X 188000  Y 308500
X 188000  Y 315500
X 188000  Y 305000
X 203875  Y 311875
X 212750  Y 297500
X 212750  Y 304000
X 216625  Y 318500
X 225250  Y 303000
X 225375  Y 299250
X 225500  Y 296000
X 225500  Y 315500
X 225625  Y 311875
X 237000  Y 301500
X 238000  Y 296250
X 238375  Y 313000
X 241000  Y 301750
X 245000  Y 313250
X 245000  Y 318250
X 245125  Y 309000
X 246625  Y 305375
X 247875  Y 315750
X 248125  Y 298000
X 248125  Y 311625
X 266500  Y 319000
X 271500  Y 319500
X 279250  Y 299500
X 285750  Y 305375
X 286625  Y 314875
X 289000  Y 302000
X 291000  Y 319000
X 292500  Y 302000
X 296500  Y 302000
X 299000  Y 312500
X 309125  Y 314750
X 317750  Y 317000
X 334375  Y 302250
X 339750  Y 307625
X 348375  Y 310750
X 352500  Y 312500
X 354250  Y 299000
X 357125  Y 313375
X 357125  Y 297250
X 364250  Y 296375
X 366500  Y 301500
X 367750  Y 297000
X 369500  Y 308500
X 370250  Y 301625
X 372875  Y 299375
X 401250  Y 302250
X 449500  Y 313500
X 347875  Y 342000
X 347625  Y 336875
X 347000  Y 327000
X 347000  Y 332000
X 334500  Y 335500
X 334375  Y 342000
X 330750  Y 327500
X 327250  Y 342000
X 327250  Y 337000
X 318500  Y 345500
X 317750  Y 324875
X 315000  Y 334625
X 311500  Y 321250
X 305000  Y 342500
X 299500  Y 339000
X 294000  Y 339000
X 286375  Y 321875
X 285000  Y 339000
X 270500  Y 323000
X 265500  Y 326000
X 258000  Y 326500
X 256250  Y 321000
X 253375  Y 323000
X 253000  Y 326500
X 253000  Y 338000
X 241250  Y 338250
X 241250  Y 331625
X 240125  Y 341125
X 240000  Y 325000
X 238875  Y 344000
X 237875  Y 332500
X 237125  Y 327500
X 237125  Y 341250
X 237000  Y 338125
X 225625  Y 324000
X 225250  Y 327250
X 223375  Y 342875
X 223375  Y 333500
X 220750  Y 321250
X 218875  Y 341125
X 216250  Y 324125
X 216250  Y 330875
X 212875  Y 326250
X 212625  Y 331875
X 212250  Y 344250
X 211375  Y 337625
X 208875  Y 331000
X 207750  Y 325500
X 206000  Y 340250
X 203125  Y 326500
X 200500  Y 336750
X 194000  Y 340250
X 193000  Y 336625
X 189000  Y 340250
X 187375  Y 324375
X 184000  Y 327500
X 180625  Y 338375
X 176000  Y 339250
X 170500  Y 339250
X 168625  Y 327750
X 165000  Y 339250
X 159500  Y 335750
X 156125  Y 326750
X 154375  Y 335000
X 153375  Y 338000
X 148875  Y 327875
X 148500  Y 323000
X 148000  Y 339250
X 145100  Y 344475
X 140875  Y 344425
X 138625  Y 334750
X 136750  Y 344750
X 125000  Y 325250
X 125000  Y 344625
X 121875  Y 341000
X 90625  Y 334875
X 90250  Y 339000
X 89500  Y 342500
X 76750  Y 321500
X 74125  Y 324375
X 47250  Y 321750
X 47000  Y 334625
X 43750  Y 336125
X 37500  Y 335000
X 35788  Y 345754
X 31875  Y 341000
X 28000  Y 343250
X 20625  Y 336250
X 19625  Y 325375
X 18375  Y 344125
X 17000  Y 321625
X 16125  Y 332375
X 13125  Y 334625
X 5125  Y 336875
X 2500  Y 343250
X -2375  Y 332875
X -9625  Y 339250
X -8125  Y 353125
X -8125  Y 358500
X 1375  Y 360875
X 1500  Y 355750
X 1875  Y 348250
X 4375  Y 367875
X 6875  Y 358125
X 13375  Y 353875
X 13375  Y 365375
X 27875  Y 355125
X 28000  Y 358500
X 28000  Y 363500
X 32750  Y 350000
X 33250  Y 364875
X 35250  Y 358875
X 35500  Y 355375
X 35625  Y 362000
X 36000  Y 369250
X 41750  Y 364750
X 48375  Y 357750
X 51993  Y 349480
X 56875  Y 363000
X 67250  Y 349750
X 67250  Y 353750
X 67250  Y 361750
X 67250  Y 365500
X 67250  Y 369500
X 67250  Y 357750
X 79625  Y 357750
X 81000  Y 349750
X 81000  Y 365500
X 81000  Y 369500
X 81750  Y 361750
X 81875  Y 353750
X 89875  Y 347375
X 90125  Y 361750
X 99000  Y 353750
X 99000  Y 349750
X 99000  Y 361750
X 99000  Y 365500
X 99000  Y 369500
X 99000  Y 357750
X 112750  Y 349750
X 112750  Y 353750
X 112750  Y 357750
X 112750  Y 365500
X 112750  Y 369500
X 112750  Y 361750
X 122750  Y 347000
X 125000  Y 352000
X 135375  Y 369875
X 137875  Y 351500
X 138375  Y 364750
X 141240  Y 353180
X 141375  Y 366625
X 141875  Y 369875
X 144500  Y 353250
X 147500  Y 352000
X 151250  Y 353000
X 154750  Y 350750
X 159750  Y 352000
X 167125  Y 352000
X 173750  Y 351875
X 179500  Y 352625
X 181000  Y 367750
X 183580  Y 353080
X 185250  Y 348250
X 189000  Y 353000
X 193625  Y 365250
X 193750  Y 352750
X 200500  Y 353200
X 205750  Y 353000
X 207125  Y 365250
X 210500  Y 365250
X 212250  Y 349750
X 214375  Y 353125
X 218325  Y 353075
X 220750  Y 364875
X 221375  Y 349750
X 222750  Y 346125
X 223375  Y 353000
X 226125  Y 363875
X 230500  Y 367000
X 237500  Y 350750
X 237875  Y 347000
X 244375  Y 354125
X 249625  Y 354250
X 249625  Y 351000
X 249750  Y 365875
X 255375  Y 348250
X 255375  Y 359250
X 263500  Y 356000
X 263500  Y 352500
X 267500  Y 352500
X 267500  Y 356000
X 268500  Y 360250
X 269625  Y 366625
X 273000  Y 353000
X 273875  Y 363625
X 278375  Y 356625
X 282750  Y 357000
X 283500  Y 365000
X 284875  Y 368750
X 290000  Y 369375
X 294250  Y 368875
X 297125  Y 365500
X 302500  Y 352000
X 310000  Y 349000
X 325250  Y 358750
X 343750  Y 367500
X 355000  Y 357250
X 361500  Y 357125
X 368000  Y 357000
X 375000  Y 357125
X 381500  Y 357250
X 388000  Y 357250
X 394000  Y 360125
X 440000  Y 368000
X 445500  Y 362000
X 454500  Y 346500
X 454750  Y 369500
X 419500  Y 372000
X 400500  Y 385000
X 395750  Y 392750
X 395500  Y 388500
X 392125  Y 380125
X 383500  Y 374250
X 383375  Y 384125
X 377625  Y 372500
X 374000  Y 372375
X 373500  Y 394000
X 373500  Y 384250
X 369625  Y 372500
X 366625  Y 384500
X 363000  Y 394500
X 360375  Y 372375
X 356750  Y 372500
X 331250  Y 380000
X 329000  Y 387000
X 329000  Y 394000
X 297000  Y 382375
X 291875  Y 386500
X 286875  Y 386125
X 286750  Y 378000
X 282000  Y 372625
X 279000  Y 383500
X 270125  Y 371000
X 270125  Y 374875
X 257875  Y 382625
X 252750  Y 382625
X 239750  Y 389125
X 238250  Y 382750
X 229625  Y 376625
X 220625  Y 375250
X 219750  Y 371125
X 212125  Y 382875
X 210750  Y 372375
X 205000  Y 388125
X 205000  Y 384625
X 204875  Y 380125
X 199125  Y 377875
X 192125  Y 394000
X 191875  Y 382625
X 185625  Y 371750
X 184250  Y 389625
X 180250  Y 388750
X 178125  Y 392000
X 177250  Y 375625
X 173750  Y 375625
X 171875  Y 389375
X 170625  Y 375625
X 168125  Y 390875
X 167625  Y 375625
X 164750  Y 393375
X 164625  Y 375750
X 161500  Y 375750
X 160250  Y 390125
X 158875  Y 377375
X 156250  Y 384250
X 153750  Y 376875
X 151000  Y 392750
X 150500  Y 376500
X 147125  Y 376500
X 145250  Y 383000
X 139250  Y 376125
X 130375  Y 376500
X 122250  Y 385625
X 122250  Y 371500
X 112750  Y 377500
X 112750  Y 381250
X 112750  Y 389250
X 112750  Y 393250
X 112750  Y 385250
X 112750  Y 373500
X 99000  Y 385250
X 99000  Y 389250
X 99000  Y 373500
X 99000  Y 393250
X 99000  Y 381250
X 99000  Y 377500
X 81125  Y 381375
X 81000  Y 393250
X 81000  Y 377500
X 81000  Y 385250
X 81000  Y 373500
X 81000  Y 389250
X 67250  Y 381250
X 67250  Y 377500
X 67250  Y 373500
X 67250  Y 393250
X 67250  Y 385250
X 67250  Y 389250
X 58375  Y 387250
X 57000  Y 377750
X 56875  Y 373250
X 45375  Y 382750
X 43750  Y 392500
X 39250  Y 380375
X 30000  Y 381000
X 28000  Y 383500
X 28000  Y 395875
X 18625  Y 388750
X 18000  Y 394250
X 16375  Y 385750
X 13875  Y 379125
X 13625  Y 382750
X 4500  Y 388625
X 4250  Y 383375
X 1875  Y 393375
X 1875  Y 379375
X 1625  Y 386000
X -7750  Y 391000
X -10000  Y 377125
X -125  Y 415750
X 1500  Y 408375
X 3625  Y 396500
X 10750  Y 418250
X 20250  Y 415500
X 28000  Y 399625
X 28000  Y 403500
X 42625  Y 417250
X 46125  Y 398625
X 46750  Y 402375
X 50750  Y 416000
X 55000  Y 397500
X 55000  Y 418625
X 55500  Y 406750
X 57000  Y 414875
X 67250  Y 397000
X 67250  Y 401000
X 67250  Y 412750
X 67250  Y 408750
X 67250  Y 405000
X 67250  Y 416750
X 67250  Y 420750
X 81000  Y 412750
X 81000  Y 416750
X 81000  Y 405000
X 81000  Y 401000
X 81000  Y 420750
X 81000  Y 408750
X 81000  Y 397000
X 89875  Y 403000
X 90000  Y 399000
X 90125  Y 418750
X 99000  Y 401000
X 99000  Y 408750
X 99000  Y 412750
X 99000  Y 416750
X 99000  Y 405000
X 99000  Y 420750
X 99000  Y 397000
X 112750  Y 412750
X 112750  Y 401000
X 112750  Y 405000
X 112750  Y 420750
X 112750  Y 408750
X 112750  Y 397000
X 123500  Y 411750
X 130000  Y 418875
X 130250  Y 414000
X 134250  Y 403500
X 140500  Y 415000
X 140875  Y 399000
X 142500  Y 417875
X 144375  Y 415000
X 148875  Y 418500
X 149000  Y 404000
X 149375  Y 409375
X 163500  Y 404000
X 165750  Y 418125
X 185000  Y 399250
X 205000  Y 410000
X 209375  Y 410000
X 219375  Y 410625
X 219375  Y 406625
X 219375  Y 402625
X 225500  Y 418375
X 228750  Y 405875
X 228750  Y 409875
X 228750  Y 413875
X 230000  Y 399500
X 232250  Y 409875
X 232250  Y 405875
X 232250  Y 413875
X 237875  Y 410625
X 238000  Y 414000
X 248500  Y 405750
X 248500  Y 402500
X 250125  Y 399250
X 256000  Y 404375
X 259250  Y 404500
X 263500  Y 404375
X 267000  Y 402625
X 267625  Y 420625
X 271625  Y 407000
X 271625  Y 402875
X 275875  Y 402875
X 275875  Y 407000
X 329000  Y 401000
X 336500  Y 407250
X 352875  Y 412000
X 358125  Y 411750
X 365625  Y 406875
X 370000  Y 396500
X 375500  Y 417250
X 377375  Y 405875
X 377375  Y 398625
X 385375  Y 407000
X 386000  Y 399500
X 393125  Y 409000
X 397000  Y 399000
X 470500  Y 422000
X 437750  Y 422750
X 406000  Y 422250
X 399000  Y 432250
X 395000  Y 432500
X 388500  Y 434000
X 381500  Y 434000
X 374500  Y 434000
X 367500  Y 434000
X 360500  Y 434000
X 353500  Y 434000
X 346500  Y 434000
X 316250  Y 443250
X 314000  Y 439000
X 307500  Y 436500
X 298750  Y 432500
X 295250  Y 426250
X 292250  Y 433250
X 291750  Y 438500
X 272000  Y 436500
X 271500  Y 431500
X 271125  Y 422500
X 225500  Y 422125
X 220000  Y 421000
X 207125  Y 433000
X 202250  Y 426250
X 202250  Y 429500
X 199000  Y 434500
X 186750  Y 428500
X 174000  Y 437250
X 171750  Y 432250
X 166000  Y 430750
X 165000  Y 439375
X 164625  Y 434125
X 149500  Y 438000
X 149375  Y 423875
X 149375  Y 429250
X 146000  Y 426500
X 146000  Y 437500
X 146000  Y 432000
X 133875  Y 422500
X 133875  Y 427500
X 133875  Y 437500
X 133750  Y 432500
X 130250  Y 444500
X 124125  Y 440875
X 121250  Y 436500
X 112750  Y 440250
X 112750  Y 436500
X 112750  Y 444250
X 112750  Y 428500
X 112750  Y 432500
X 112750  Y 424500
X 99000  Y 436500
X 99000  Y 444250
X 99000  Y 428500
X 99000  Y 440250
X 99000  Y 424500
X 99000  Y 432500
X 89875  Y 427500
X 81000  Y 440250
X 81000  Y 432500
X 81000  Y 444250
X 81000  Y 428500
X 81000  Y 436500
X 81000  Y 424500
X 67250  Y 444250
X 67250  Y 428500
X 67250  Y 436500
X 67250  Y 425000
X 67250  Y 432500
X 67250  Y 440250
X 53125  Y 438000
X 52875  Y 425000
X 50500  Y 430375
X 46625  Y 445250
X 43875  Y 440250
X 43000  Y 432000
X 40125  Y 442625
X 32250  Y 435000
X -1250  Y 421375
X 30125  Y 446875
X 36500  Y 468500
X 37625  Y 446250
X 56750  Y 459625
X 57125  Y 453375
X 58250  Y 456500
X 58250  Y 463250
X 67250  Y 452250
X 67250  Y 448250
X 81000  Y 452250
X 81000  Y 448250
X 99000  Y 448250
X 99000  Y 452250
X 112750  Y 452250
X 112750  Y 448250
X 122250  Y 457250
X 135875  Y 458000
X 136000  Y 463000
X 136000  Y 452500
X 136250  Y 447000
X 145125  Y 467000
X 148500  Y 458000
X 148500  Y 452500
X 148625  Y 466875
X 148750  Y 447125
X 164750  Y 448125
X 167125  Y 463500
X 171625  Y 448625
X 204625  Y 457250
X 207500  Y 460250
X 209500  Y 463000
X 212500  Y 464250
X 217500  Y 463500
X 291000  Y 453750
X 341500  Y 448250
X 346500  Y 453500
X 353500  Y 453500
X 360500  Y 453500
X 367500  Y 453500
X 374500  Y 453500
X 428250  Y 453000
X 431750  Y 468750
X 228500  Y 472500
X 224000  Y 472500
X 215375  Y 495125
X 209750  Y 494000
X 201750  Y 478375
X 198000  Y 493000
X 198000  Y 489000
X 193000  Y 489000
X 193000  Y 493000
X 187375  Y 493000
X 187375  Y 484875
X 187250  Y 489000
X 145875  Y 479875
X 135500  Y 495750
X 132125  Y 485125
X 41000  Y 485375
X 41000  Y 471625
X 40000  Y 492250
X 27250  Y 495000
X 27250  Y 488500
X 27250  Y 477000
X -500  Y 518000
X 36250  Y 499250
X 48375  Y 518500
X 61875  Y 513500
X 90625  Y 496125
X 94375  Y 507000
X 94875  Y 517625
X 99875  Y 501875
X 110750  Y 507750
X 132250  Y 504750
X 132250  Y 518500
X 136250  Y 504750
X 136250  Y 518500
X 140250  Y 504750
X 140250  Y 518500
X 144250  Y 504750
X 144250  Y 518500
X 148000  Y 504750
X 148000  Y 518500
X 152000  Y 504750
X 152000  Y 518500
X 156000  Y 518500
X 156000  Y 504750
X 160000  Y 504750
X 160000  Y 518500
X 163750  Y 504750
X 163750  Y 518500
X 165750  Y 496000
X 167750  Y 504750
X 167750  Y 518500
X 171750  Y 504750
X 171750  Y 518500
X 175750  Y 504750
X 175750  Y 518500
X 179500  Y 504750
X 179500  Y 518500
X 183500  Y 518500
X 187500  Y 518500
X 191250  Y 504750
X 191250  Y 518500
X 195250  Y 518500
X 198000  Y 505000
X 199250  Y 518500
X 203250  Y 504750
X 203250  Y 518500
X 207000  Y 504750
X 207250  Y 518500
X 211000  Y 518500
X 212750  Y 511625
X 213875  Y 505375
X 215000  Y 518500
X 219000  Y 504750
X 219000  Y 518500
X 222750  Y 518500
X 226750  Y 518500
X 226750  Y 504750
X 230750  Y 518625
X 234750  Y 518500
X 256000  Y 498625
X 299250  Y 519750
X 284500  Y 536000
X 280000  Y 530625
X 265375  Y 536500
X 262125  Y 524500
X 259250  Y 527750
X 234875  Y 535000
X 225875  Y 536125
X 221250  Y 527750
X 215250  Y 527250
X 211875  Y 527375
X 208250  Y 527375
X 201125  Y 535875
X 192750  Y 535750
X 185625  Y 529500
X 148375  Y 532500
X 130250  Y 536875
X 124875  Y 529500
X 120875  Y 528375
X 110000  Y 536000
X 110000  Y 532000
X 100000  Y 532000
X 100000  Y 536000
X 90000  Y 532000
X 90000  Y 536000
X 80000  Y 532000
X 80000  Y 536000
X 70000  Y 532000
X 70000  Y 536000
X 60000  Y 532000
X 60000  Y 536500
X 29250  Y 530750
X 17250  Y 533000
X 14500  Y 541625
X 12625  Y 525250
X 10500  Y 537000
X 8500  Y 521750
X 5375  Y 538500
X -2625  Y 528500
X -3125  Y 541750
X -12500  Y 568625
X -2375  Y 566500
X 4000  Y 550375
X 12500  Y 550250
X 17500  Y 550125
X 32750  Y 554000
X 97750  Y 562375
X 105250  Y 563500
X 117375  Y 562500
X 125125  Y 561375
X 140750  Y 560250
X 170000  Y 559000
X 180000  Y 559000
X 190000  Y 559000
X 195125  Y 563750
X 214875  Y 563250
X 229875  Y 557625
X 235000  Y 558375
X 263250  Y 562500
X 267750  Y 561875
X 283750  Y 562125
X 286875  Y 558000
X 360000  Y 559250
X 288500  Y 587000
X 286750  Y 590875
X 286375  Y 595875
X 275500  Y 588375
X 275250  Y 592750
X 264500  Y 594375
X 254875  Y 584250
X 237875  Y 590250
X 236000  Y 582250
X 230000  Y 585000
X 227750  Y 589375
X 221875  Y 589875
X 210875  Y 585000
X 207250  Y 585875
X 203000  Y 587125
X 199125  Y 585125
X 188750  Y 589750
X 185375  Y 595500
X 155750  Y 584500
X 154000  Y 595625
X 151750  Y 584500
X 147125  Y 584375
X 140000  Y 585500
X 119375  Y 591250
X 110000  Y 588500
X 100000  Y 588500
X 95625  Y 595375
X 93125  Y 592375
X 90000  Y 588500
X 80000  Y 588500
X 70000  Y 588500
X 70000  Y 584000
X 60000  Y 588500
X 60000  Y 584000
X 39125  Y 583250
X 4000  Y 587375
X 875  Y 593250
X -2000  Y 578500
X -2250  Y 573500
X -9625  Y 571500
X -12500  Y 597625
X -11875  Y 613625
X 3125  Y 611125
X 5125  Y 605500
X 8750  Y 600500
X 25000  Y 615625
X 29750  Y 606500
X 101500  Y 598250
X 110000  Y 606000
X 110000  Y 602000
X 120000  Y 606000
X 120000  Y 602000
X 130000  Y 606000
X 130000  Y 602000
X 140000  Y 606000
X 140000  Y 602000
X 150000  Y 606000
X 150000  Y 602000
X 155000  Y 611000
X 160000  Y 602000
X 160000  Y 606000
X 164375  Y 603500
X 164750  Y 597250
X 165000  Y 611250
X 168625  Y 604000
X 172375  Y 602875
X 177750  Y 598250
X 190000  Y 605250
X 194875  Y 606750
X 201125  Y 600375
X 207375  Y 606375
X 214875  Y 606375
X 215000  Y 610750
X 227000  Y 600500
X 231000  Y 599250
X 233750  Y 605250
X 235125  Y 608625
X 239250  Y 599625
X 240250  Y 605750
X 245375  Y 607750
X 250000  Y 605750
X 254875  Y 608125
X 255000  Y 599500
X 260000  Y 606000
X 280000  Y 605000
X 285000  Y 610500
X 287375  Y 599875
X 288375  Y 603625
X 293250  Y 604125
X 296125  Y 606625
X 310000  Y 605750
X 315000  Y 608875
X 306375  Y 632250
X 289125  Y 629875
X 272500  Y 630125
X 266250  Y 628250
X 260125  Y 631750
X 231750  Y 631000
X 226250  Y 632000
X 216500  Y 631000
X 215250  Y 625750
X 210000  Y 629000
X 201750  Y 628375
X 189875  Y 631625
X 185250  Y 629125
X 182125  Y 630750
X 175000  Y 630750
X 165000  Y 630625
X 84500  Y 635250
X 75125  Y 643500
X 70750  Y 626500
X 70000  Y 631750
X 63750  Y 631125
X 52750  Y 640250
X 49375  Y 631125
X 45750  Y 645000
X 36625  Y 630375
X 30250  Y 621625
X 29250  Y 645000
X 26500  Y 627000
X 23750  Y 639500
X 17500  Y 643625
X 17500  Y 630000
X 10500  Y 628000
X -3500  Y 622000
X -7000  Y 631750
X -7500  Y 641250
X -11625  Y 628000
X 23125  Y 650500
X 23375  Y 662000
X 25875  Y 654750
X 29125  Y 658000
X 33000  Y 654875
X 42500  Y 666500
X 46375  Y 656375
X 52750  Y 670500
X 68750  Y 653625
X 71500  Y 658875
X 74625  Y 648625
X 87000  Y 666500
X 87000  Y 661375
X 87375  Y 651125
X 87500  Y 656250
X 87500  Y 646000
X 110000  Y 654500
X 110000  Y 658500
X 120000  Y 658500
X 120000  Y 654500
X 130000  Y 654500
X 130000  Y 659000
X 140000  Y 659000
X 140000  Y 654500
X 145000  Y 649000
X 150000  Y 654500
X 150000  Y 659000
X 155000  Y 649000
X 160000  Y 659000
X 160000  Y 654500
X 165000  Y 649000
X 175000  Y 649000
X 178875  Y 653500
X 185000  Y 649000
X 195000  Y 649000
X 205000  Y 649000
X 215000  Y 649000
X 220000  Y 653500
X 225000  Y 649000
X 235000  Y 649000
X 240250  Y 653125
X 245000  Y 649000
X 255000  Y 649000
X 260000  Y 653250
X 265000  Y 649000
X 275000  Y 649000
X 285000  Y 649000
X 290250  Y 654000
X 295000  Y 649000
X 304625  Y 653625
X 315000  Y 649000
X 360750  Y 664500
X 360875  Y 656500
X 366500  Y 652500
X 370000  Y 662250
X 374750  Y 661000
X 375375  Y 648000
X 387250  Y 663250
X 392000  Y 654750
X 393375  Y 663375
X 398375  Y 654500
X 402750  Y 662125
X 403500  Y 654500
X 405750  Y 657500
X 406375  Y 663625
X 417250  Y 669125
X 417250  Y 663625
X 418000  Y 654500
X 421500  Y 666375
X 424375  Y 654625
X 418250  Y 672500
X 67750  Y 673000
X 23375  Y 673000

Drill: .032  Tool: 3  Feed: 197  Speed: 550
X -12500  Y 185500
X 17500  Y 195500
X 17500  Y 185500
X 17500  Y 175500
X 194500  Y 138500
X 269000  Y 262500
X 255500  Y 262500
X 203500  Y 232000
X 203500  Y 217750
X 173000  Y 211500
X 67228  Y 338106
X 80771  Y 338106
X 99228  Y 338106
X 112771  Y 338106
X 139500  Y 388000
X 193000  Y 387500
X 275500  Y 329500
X 277000  Y 339500
X 249625  Y 487000
X 230250  Y 443750
X 230250  Y 436750
X 112771  Y 463893
X 99228  Y 463893
X 80771  Y 463893
X 67228  Y 463893
X 120606  Y 518271
X 120606  Y 504728
X 246393  Y 504728
X 246393  Y 518271
X 429000  Y 659500
X 441000  Y 34400 X 441000  Y 31600
X 451800  Y 44800 X 447200  Y 44800
X 447900  Y 21200 X 443300  Y 21200
X 469600  Y 22800 X 465000  Y 22800
X 469600  Y 43200 X 465000  Y 43200

Drill: .033  Tool: 4  Feed: 197  Speed: 550
X 74000  Y 338106
X 106000  Y 338106
X 120606  Y 511500

Drill: .034  Tool: 5  Feed: 197  Speed: 550
X 182500  Y 664750
X 192500  Y 664750
X 202500  Y 664750
X 212500  Y 664750
X 222500  Y 664750
X 232500  Y 664750
X 242500  Y 664750
X 252500  Y 664750
X 262500  Y 664750
X 272500  Y 664750
X 277500  Y 672250
X 277500  Y 687250
X 272500  Y 679750
X 267500  Y 672250
X 267500  Y 687250
X 262500  Y 679750
X 257500  Y 672250
X 257500  Y 687250
X 252500  Y 679750
X 247500  Y 672250
X 247500  Y 687250
X 242500  Y 679750
X 237500  Y 672250
X 237500  Y 687250
X 232500  Y 679750
X 227500  Y 672250
X 227500  Y 687250
X 222500  Y 679750
X 217500  Y 672250
X 217500  Y 687250
X 212500  Y 679750
X 207500  Y 672250
X 207500  Y 687250
X 202500  Y 679750
X 197500  Y 672250
X 197500  Y 687250
X 192500  Y 679750
X 187500  Y 672250
X 187500  Y 687250
X 182500  Y 679750

Drill: .038  Tool: 6  Feed: 197  Speed: 550
X 63500  Y 30000
X 73500  Y 30000
X 83500  Y 30000
X 460500  Y 120000
X 460500  Y 110000
X 460500  Y 100000
X 470500  Y 110000
X 470500  Y 120000
X 470500  Y 100000
X 470500  Y 140000
X 470500  Y 130000
X 470500  Y 170000
X 470500  Y 160000
X 470500  Y 150000
X 460500  Y 130000
X 460500  Y 160000
X 460500  Y 140000
X 460500  Y 150000
X 460500  Y 170000
X 173500  Y 221500
X 173500  Y 231500
X 191000  Y 231500
X 191000  Y 221500
X 460500  Y 210000
X 460500  Y 200000
X 460500  Y 180000
X 460500  Y 190000
X 470500  Y 210000
X 470500  Y 180000
X 470500  Y 200000
X 470500  Y 190000
X 427500  Y 293500
X 427500  Y 303500
X 427500  Y 313500
X 417500  Y 298500
X 417500  Y 308500
X 417500  Y 318500
X 67500  Y 309500
X 67500  Y 319500
X 170000  Y 383000
X 180000  Y 383000
X 255500  Y 332500
X 265500  Y 332500
X 417500  Y 328500
X 427500  Y 323500
X 456500  Y 382500
X 466500  Y 382500
X 466500  Y 399000
X 456500  Y 399000
X 177500  Y 413000
X 177500  Y 403000

Drill: .04  Tool: 7  Feed: 139  Speed: 550
X 181000  Y 268736
X 181000  Y 348263
X -10610  Y 484702 X -10610  Y 486202

Drill: .04  Tool: 8  Feed: 139  Speed: 550
X 465800  Y 296100
X 471800  Y 286100
X 471800  Y 325900
X 465800  Y 335900

Drill: .043  Tool: 9  Feed: 139  Speed: 550
X 27185  Y 502381
X 27185  Y 464580 X 27185  Y 465380

Drill: .045  Tool: 10  Feed: 139  Speed: 550
X -9370  Y 19759
X -3464  Y 28814
X -3464  Y 68185
X 16220  Y 38657
X 16220  Y 28814
X 16220  Y 68185
X 16220  Y 58342
X 26062  Y 23893
X 33600  Y 48500
X 33600  Y 119000
X 26062  Y 73106
X 26062  Y 94393
X 26062  Y 143606
X 16220  Y 99314
X 16220  Y 109157
X 16220  Y 128842
X 16220  Y 138685
X -3464  Y 99314
X -3464  Y 138685
X -9370  Y 90259
X -9370  Y 77240
X -9370  Y 147740
X 306500  Y 526500
X 460200  Y 553650
X 460200  Y 564550
X 460200  Y 586350
X 460200  Y 575450
X 449000  Y 559100
X 449000  Y 570000
X 449000  Y 548200
X 449000  Y 591800
X 449000  Y 580900
X 306500  Y 592100

Drill: .046  Tool: 11  Feed: 139  Speed: 550
X 17500  Y 251250
X 40929  Y 320224
X 17500  Y 408750

Drill: .063  Tool: 12  Feed: 89  Speed: 550
X 451500  Y 33000
X 473200  Y 33000
X 40929  Y 402901

Drill: .063  Tool: 13  Feed: 89  Speed: 550
X 440500  Y 280000
X 440500  Y 342000

Drill: .07  Tool: 14  Feed: 81  Speed: 550
X 115000  Y 30000
X 345000  Y 30000
X 270000  Y 235750
X 270000  Y 382750
X 220000  Y 382750
X 220000  Y 235750
X 65000  Y 560000
X 115000  Y 630000
X 345000  Y 630000
X 395000  Y 560000

Drill: .093  Tool: 15  Feed: 66  Speed: 550
X 0  Y -29000
X 460000  Y -29000
X 460000  Y 689000
X 0  Y 689000

Drill: .109  Tool: 16  Feed: 69  Speed: 658
X 151000  Y 679750
X 309000  Y 679750

Drill: .117  Tool: 17  Feed: 69  Speed: 658
X -3464  Y 40625
X -3464  Y 56374
X -3464  Y 111125
X -3464  Y 126874

Drill: .125  Tool: 18  Feed: 35  Speed: 794
X 454600  Y 520800
X 454600  Y 619200

Drill: .128  Tool: 19  Feed: 35  Speed: 794
X 10000  Y 220000
X 55000  Y 55000
X 405000  Y 55000
X 452500  Y 288500
X 452500  Y 333500
X 10000  Y 440000
X 55000  Y 605000
X 405000  Y 605000

Drill: .136  Tool: 20  Feed: 35  Speed: 794
X 150000  Y 224500
X 420000  Y 394500

Drill: .156  Tool: 21  Feed: 35  Speed: 900
X 0  Y 0
X 460000  Y 0
X 460000  Y 660000
X 0  Y 660000

End of Listing
